<?xml version="1.0" encoding="UTF-8"?>
<testng-results skipped="0" failed="0" ignored="0" total="1" passed="1">
  <reporter-output>
  </reporter-output>
  <suite name="Default suite" duration-ms="60" started-at="2022-11-28T20:03:39 IST" finished-at="2022-11-28T20:03:39 IST">
    <groups>
    </groups>
    <test name="Default test" duration-ms="60" started-at="2022-11-28T20:03:39 IST" finished-at="2022-11-28T20:03:39 IST">
      <class name="Scenarios.array">
        <test-method status="PASS" signature="simple()[pri:0, instance:Scenarios.array@17579e0f]" name="simple" duration-ms="10" started-at="2022-11-28T20:03:39 IST" finished-at="2022-11-28T20:03:39 IST">
          <reporter-output>
          </reporter-output>
        </test-method> <!-- simple -->
      </class> <!-- Scenarios.array -->
    </test> <!-- Default test -->
  </suite> <!-- Default suite -->
</testng-results>
