<?xml version="1.0" encoding="UTF-8"?>
<testng-results skipped="0" failed="0" ignored="0" total="3" passed="3">
  <reporter-output>
  </reporter-output>
  <suite name="Default suite" duration-ms="3765" started-at="2022-11-08T13:02:34 IST" finished-at="2022-11-08T13:02:37 IST">
    <groups>
    </groups>
    <test name="Default test" duration-ms="3765" started-at="2022-11-08T13:02:34 IST" finished-at="2022-11-08T13:02:37 IST">
      <class name="DataProvider.DataProviderr">
        <test-method status="PASS" signature="dataprov(java.lang.String, java.lang.String, java.lang.String, int)[pri:0, instance:DataProvider.DataProviderr@72b6cbcc]" name="dataprov" duration-ms="3452" started-at="2022-11-08T13:02:34 IST" data-provider="get data" finished-at="2022-11-08T13:02:37 IST">
          <params>
            <param index="0">
              <value>
                <![CDATA[adarsh]]>
              </value>
            </param>
            <param index="1">
              <value>
                <![CDATA[TYss]]>
              </value>
            </param>
            <param index="2">
              <value>
                <![CDATA[complete]]>
              </value>
            </param>
            <param index="3">
              <value>
                <![CDATA[34]]>
              </value>
            </param>
          </params>
          <reporter-output>
          </reporter-output>
        </test-method> <!-- dataprov -->
        <test-method status="PASS" signature="dataprov(java.lang.String, java.lang.String, java.lang.String, int)[pri:0, instance:DataProvider.DataProviderr@72b6cbcc]" name="dataprov" duration-ms="98" started-at="2022-11-08T13:02:37 IST" data-provider="get data" finished-at="2022-11-08T13:02:37 IST">
          <params>
            <param index="0">
              <value>
                <![CDATA[abhi]]>
              </value>
            </param>
            <param index="1">
              <value>
                <![CDATA[TYss01]]>
              </value>
            </param>
            <param index="2">
              <value>
                <![CDATA[complete]]>
              </value>
            </param>
            <param index="3">
              <value>
                <![CDATA[67]]>
              </value>
            </param>
          </params>
          <reporter-output>
          </reporter-output>
        </test-method> <!-- dataprov -->
        <test-method status="PASS" signature="dataprov(java.lang.String, java.lang.String, java.lang.String, int)[pri:0, instance:DataProvider.DataProviderr@72b6cbcc]" name="dataprov" duration-ms="84" started-at="2022-11-08T13:02:37 IST" data-provider="get data" finished-at="2022-11-08T13:02:37 IST">
          <params>
            <param index="0">
              <value>
                <![CDATA[akarsh]]>
              </value>
            </param>
            <param index="1">
              <value>
                <![CDATA[TYss02]]>
              </value>
            </param>
            <param index="2">
              <value>
                <![CDATA[complete]]>
              </value>
            </param>
            <param index="3">
              <value>
                <![CDATA[56]]>
              </value>
            </param>
          </params>
          <reporter-output>
          </reporter-output>
        </test-method> <!-- dataprov -->
      </class> <!-- DataProvider.DataProviderr -->
    </test> <!-- Default test -->
  </suite> <!-- Default suite -->
</testng-results>
