<?xml version="1.0" encoding="UTF-8"?>
<!-- Generated by org.testng.reporters.JUnitXMLReporter -->
<testsuite hostname="DESKTOP-08FKUO3" ignored="0" name="Default test" tests="3" failures="0" timestamp="2022-11-08T13:02:37 IST" time="3.765" errors="0">
  <testcase name="dataprov" time="3.452" classname="DataProvider.DataProviderr"/>
  <testcase name="dataprov" time="0.098" classname="DataProvider.DataProviderr"/>
  <testcase name="dataprov" time="0.084" classname="DataProvider.DataProviderr"/>
</testsuite> <!-- Default test -->
